[2018-03-08 20:25:38.149] [exthost1] [info] extension host started
[2018-03-08 20:25:38.194] [exthost1] [info] ExtensionService#_doActivateExtension vscode.emmet {"startup":true,"activationEvent":"*"}
[2018-03-08 20:25:38.194] [exthost1] [info] ExtensionService#loadCommonJSModule /Applications/Visual Studio Code - Insiders.app/Contents/Resources/app/extensions/emmet/out/extension
[2018-03-08 20:25:42.330] [exthost1] [info] ExtensionService#_doActivateExtension vscode.git {"startup":true,"activationEvent":"*"}
[2018-03-08 20:25:42.330] [exthost1] [info] ExtensionService#loadCommonJSModule /Applications/Visual Studio Code - Insiders.app/Contents/Resources/app/extensions/git/out/main
[2018-03-08 20:25:51.093] [exthost1] [info] ExtensionService#_doActivateExtension vscode.merge-conflict {"startup":true,"activationEvent":"*"}
[2018-03-08 20:25:51.093] [exthost1] [info] ExtensionService#loadCommonJSModule /Applications/Visual Studio Code - Insiders.app/Contents/Resources/app/extensions/merge-conflict/out/extension
[2018-03-08 20:25:52.456] [exthost1] [info] ExtensionService#_doActivateExtension alefragnani.Bookmarks {"startup":true,"activationEvent":"*"}
[2018-03-08 20:25:52.456] [exthost1] [info] ExtensionService#loadCommonJSModule /Users/carlca/.vscode-insiders/extensions/alefragnani.bookmarks-0.18.2/out/src/extension
[2018-03-08 20:25:53.091] [exthost1] [info] ExtensionService#_doActivateExtension alefragnani.numbered-bookmarks {"startup":true,"activationEvent":"*"}
[2018-03-08 20:25:53.091] [exthost1] [info] ExtensionService#loadCommonJSModule /Users/carlca/.vscode-insiders/extensions/alefragnani.numbered-bookmarks-0.11.1/out/src/extension
[2018-03-08 20:25:53.245] [exthost1] [info] ExtensionService#_doActivateExtension algon-320.integrated-terminal-filedir {"startup":true,"activationEvent":"*"}
[2018-03-08 20:25:53.245] [exthost1] [info] ExtensionService#loadCommonJSModule /Users/carlca/.vscode-insiders/extensions/algon-320.integrated-terminal-filedir-0.0.1/out/src/extension
[2018-03-08 20:25:53.294] [exthost1] [info] ExtensionService#_doActivateExtension be5invis.vscode-custom-css {"startup":true,"activationEvent":"*"}
[2018-03-08 20:25:53.294] [exthost1] [info] ExtensionService#loadCommonJSModule /Users/carlca/.vscode-insiders/extensions/be5invis.vscode-custom-css-2.7.0/src/extension
[2018-03-08 20:25:53.567] [exthost1] [info] ExtensionService#_doActivateExtension christian-kohler.path-intellisense {"startup":true,"activationEvent":"*"}
[2018-03-08 20:25:53.567] [exthost1] [info] ExtensionService#loadCommonJSModule /Users/carlca/.vscode-insiders/extensions/christian-kohler.path-intellisense-1.4.2/out/src/extension
[2018-03-08 20:25:54.976] [exthost1] [info] ExtensionService#_doActivateExtension danields761.status-bar-breadcrumb {"startup":true,"activationEvent":"*"}
[2018-03-08 20:25:54.976] [exthost1] [info] ExtensionService#loadCommonJSModule /Users/carlca/.vscode-insiders/extensions/danields761.status-bar-breadcrumb-0.2.0/out/extension
[2018-03-08 20:25:56.016] [exthost1] [info] ExtensionService#_doActivateExtension dariofuzinato.vue-peek {"startup":true,"activationEvent":"*"}
[2018-03-08 20:25:56.016] [exthost1] [info] ExtensionService#loadCommonJSModule /Users/carlca/.vscode-insiders/extensions/dariofuzinato.vue-peek-1.0.2/out/src/extension
[2018-03-08 20:25:56.578] [exthost1] [info] ExtensionService#_doActivateExtension esbenp.prettier-vscode {"startup":true,"activationEvent":"*"}
[2018-03-08 20:25:56.578] [exthost1] [info] ExtensionService#loadCommonJSModule /Users/carlca/.vscode-insiders/extensions/esbenp.prettier-vscode-1.2.2/out/src/extension
[2018-03-08 20:26:00.207] [exthost1] [info] ExtensionService#_doActivateExtension formulahendry.auto-close-tag {"startup":true,"activationEvent":"*"}
[2018-03-08 20:26:00.207] [exthost1] [info] ExtensionService#loadCommonJSModule /Users/carlca/.vscode-insiders/extensions/formulahendry.auto-close-tag-0.5.6/out/src/extension
[2018-03-08 20:26:00.679] [exthost1] [info] ExtensionService#_doActivateExtension formulahendry.auto-rename-tag {"startup":true,"activationEvent":"*"}
[2018-03-08 20:26:00.679] [exthost1] [info] ExtensionService#loadCommonJSModule /Users/carlca/.vscode-insiders/extensions/formulahendry.auto-rename-tag-0.0.15/out/src/extension
[2018-03-08 20:26:00.840] [exthost1] [info] ExtensionService#_doActivateExtension golf1052.base16-generator {"startup":true,"activationEvent":"*"}
[2018-03-08 20:26:00.840] [exthost1] [info] ExtensionService#loadCommonJSModule /Users/carlca/.vscode-insiders/extensions/golf1052.base16-generator-1.4.0/out/src/extension
[2018-03-08 20:26:01.042] [exthost1] [info] ExtensionService#_doActivateExtension Kiteco.kite {"startup":true,"activationEvent":"*"}
[2018-03-08 20:26:01.042] [exthost1] [info] ExtensionService#loadCommonJSModule /Users/carlca/.vscode-insiders/extensions/kite.vscode/src/kite
[2018-03-08 20:26:07.551] [exthost1] [info] ExtensionService#_doActivateExtension robertohuertasm.vscode-icons {"startup":true,"activationEvent":"*"}
[2018-03-08 20:26:07.551] [exthost1] [info] ExtensionService#loadCommonJSModule /Users/carlca/.vscode-insiders/extensions/robertohuertasm.vscode-icons-7.20.0/out/src/
[2018-03-08 20:26:10.427] [exthost1] [info] ExtensionService#_doActivateExtension vscode.configuration-editing {"startup":false,"activationEvent":"onLanguage:jsonc"}
[2018-03-08 20:26:10.427] [exthost1] [info] ExtensionService#loadCommonJSModule /Applications/Visual Studio Code - Insiders.app/Contents/Resources/app/extensions/configuration-editing/out/extension
[2018-03-08 20:26:11.196] [exthost1] [info] ExtensionService#_doActivateExtension vscode.json {"startup":false,"activationEvent":"onLanguage:jsonc"}
[2018-03-08 20:26:11.196] [exthost1] [info] ExtensionService#loadCommonJSModule /Applications/Visual Studio Code - Insiders.app/Contents/Resources/app/extensions/json/client/out/jsonMain
[2018-03-08 20:26:17.042] [exthost1] [info] ExtensionService#_doActivateExtension RomanPeshkov.go-test-outline {"startup":false,"activationEvent":"onLanguage:go"}
[2018-03-08 20:26:17.042] [exthost1] [info] ExtensionService#loadCommonJSModule /Users/carlca/.vscode-insiders/extensions/RomanPeshkov.go-test-outline-0.1.4/out/src/extension
[2018-03-08 20:26:18.417] [exthost1] [info] ExtensionService#_doActivateExtension lukehoban.Go {"startup":false,"activationEvent":"onLanguage:go"}
[2018-03-08 20:26:18.417] [exthost1] [info] ExtensionService#loadCommonJSModule /Users/carlca/.vscode-insiders/extensions/lukehoban.go-0.6.77/out/src/goMain
[2018-03-08 20:26:29.295] [exthost1] [info] eager extensions activated
[2018-03-08 21:07:29.506] [exthost1] [info] extension host started
[2018-03-08 21:07:29.579] [exthost1] [info] ExtensionService#_doActivateExtension vscode.emmet {"startup":true,"activationEvent":"*"}
[2018-03-08 21:07:29.580] [exthost1] [info] ExtensionService#loadCommonJSModule /Applications/Visual Studio Code - Insiders.app/Contents/Resources/app/extensions/emmet/out/extension
[2018-03-08 21:07:33.392] [exthost1] [info] ExtensionService#_doActivateExtension vscode.git {"startup":true,"activationEvent":"*"}
[2018-03-08 21:07:33.392] [exthost1] [info] ExtensionService#loadCommonJSModule /Applications/Visual Studio Code - Insiders.app/Contents/Resources/app/extensions/git/out/main
[2018-03-08 21:07:39.563] [exthost1] [info] ExtensionService#_doActivateExtension vscode.merge-conflict {"startup":true,"activationEvent":"*"}
[2018-03-08 21:07:39.563] [exthost1] [info] ExtensionService#loadCommonJSModule /Applications/Visual Studio Code - Insiders.app/Contents/Resources/app/extensions/merge-conflict/out/extension
[2018-03-08 21:07:40.698] [exthost1] [info] ExtensionService#_doActivateExtension alefragnani.Bookmarks {"startup":true,"activationEvent":"*"}
[2018-03-08 21:07:40.698] [exthost1] [info] ExtensionService#loadCommonJSModule /Users/carlca/.vscode-insiders/extensions/alefragnani.bookmarks-0.18.2/out/src/extension
[2018-03-08 21:07:40.966] [exthost1] [info] ExtensionService#_doActivateExtension alefragnani.numbered-bookmarks {"startup":true,"activationEvent":"*"}
[2018-03-08 21:07:40.966] [exthost1] [info] ExtensionService#loadCommonJSModule /Users/carlca/.vscode-insiders/extensions/alefragnani.numbered-bookmarks-0.11.1/out/src/extension
[2018-03-08 21:07:41.299] [exthost1] [info] ExtensionService#_doActivateExtension algon-320.integrated-terminal-filedir {"startup":true,"activationEvent":"*"}
[2018-03-08 21:07:41.299] [exthost1] [info] ExtensionService#loadCommonJSModule /Users/carlca/.vscode-insiders/extensions/algon-320.integrated-terminal-filedir-0.0.1/out/src/extension
[2018-03-08 21:07:41.389] [exthost1] [info] ExtensionService#_doActivateExtension be5invis.vscode-custom-css {"startup":true,"activationEvent":"*"}
[2018-03-08 21:07:41.389] [exthost1] [info] ExtensionService#loadCommonJSModule /Users/carlca/.vscode-insiders/extensions/be5invis.vscode-custom-css-2.7.0/src/extension
[2018-03-08 21:07:41.896] [exthost1] [info] ExtensionService#_doActivateExtension christian-kohler.path-intellisense {"startup":true,"activationEvent":"*"}
[2018-03-08 21:07:41.896] [exthost1] [info] ExtensionService#loadCommonJSModule /Users/carlca/.vscode-insiders/extensions/christian-kohler.path-intellisense-1.4.2/out/src/extension
[2018-03-08 21:07:43.186] [exthost1] [info] ExtensionService#_doActivateExtension danields761.status-bar-breadcrumb {"startup":true,"activationEvent":"*"}
[2018-03-08 21:07:43.186] [exthost1] [info] ExtensionService#loadCommonJSModule /Users/carlca/.vscode-insiders/extensions/danields761.status-bar-breadcrumb-0.2.0/out/extension
[2018-03-08 21:07:43.743] [exthost1] [info] ExtensionService#_doActivateExtension dariofuzinato.vue-peek {"startup":true,"activationEvent":"*"}
[2018-03-08 21:07:43.743] [exthost1] [info] ExtensionService#loadCommonJSModule /Users/carlca/.vscode-insiders/extensions/dariofuzinato.vue-peek-1.0.2/out/src/extension
[2018-03-08 21:07:43.905] [exthost1] [info] ExtensionService#_doActivateExtension esbenp.prettier-vscode {"startup":true,"activationEvent":"*"}
[2018-03-08 21:07:43.905] [exthost1] [info] ExtensionService#loadCommonJSModule /Users/carlca/.vscode-insiders/extensions/esbenp.prettier-vscode-1.2.2/out/src/extension
[2018-03-08 21:07:48.929] [exthost1] [info] ExtensionService#_doActivateExtension formulahendry.auto-close-tag {"startup":true,"activationEvent":"*"}
[2018-03-08 21:07:48.929] [exthost1] [info] ExtensionService#loadCommonJSModule /Users/carlca/.vscode-insiders/extensions/formulahendry.auto-close-tag-0.5.6/out/src/extension
[2018-03-08 21:07:49.050] [exthost1] [info] ExtensionService#_doActivateExtension formulahendry.auto-rename-tag {"startup":true,"activationEvent":"*"}
[2018-03-08 21:07:49.050] [exthost1] [info] ExtensionService#loadCommonJSModule /Users/carlca/.vscode-insiders/extensions/formulahendry.auto-rename-tag-0.0.15/out/src/extension
[2018-03-08 21:07:49.453] [exthost1] [info] ExtensionService#_doActivateExtension golf1052.base16-generator {"startup":true,"activationEvent":"*"}
[2018-03-08 21:07:49.453] [exthost1] [info] ExtensionService#loadCommonJSModule /Users/carlca/.vscode-insiders/extensions/golf1052.base16-generator-1.4.0/out/src/extension
[2018-03-08 21:07:49.621] [exthost1] [info] ExtensionService#_doActivateExtension Kiteco.kite {"startup":true,"activationEvent":"*"}
[2018-03-08 21:07:49.621] [exthost1] [info] ExtensionService#loadCommonJSModule /Users/carlca/.vscode-insiders/extensions/kite.vscode/src/kite
[2018-03-08 21:07:56.554] [exthost1] [info] ExtensionService#_doActivateExtension robertohuertasm.vscode-icons {"startup":true,"activationEvent":"*"}
[2018-03-08 21:07:56.554] [exthost1] [info] ExtensionService#loadCommonJSModule /Users/carlca/.vscode-insiders/extensions/robertohuertasm.vscode-icons-7.20.0/out/src/
[2018-03-08 21:08:00.109] [exthost1] [info] ExtensionService#_doActivateExtension RomanPeshkov.go-test-outline {"startup":false,"activationEvent":"onLanguage:go"}
[2018-03-08 21:08:00.109] [exthost1] [info] ExtensionService#loadCommonJSModule /Users/carlca/.vscode-insiders/extensions/RomanPeshkov.go-test-outline-0.1.4/out/src/extension
[2018-03-08 21:08:00.769] [exthost1] [info] ExtensionService#_doActivateExtension lukehoban.Go {"startup":false,"activationEvent":"onLanguage:go"}
[2018-03-08 21:08:00.769] [exthost1] [info] ExtensionService#loadCommonJSModule /Users/carlca/.vscode-insiders/extensions/lukehoban.go-0.6.77/out/src/goMain
[2018-03-08 21:08:10.796] [exthost1] [info] ExtensionService#_doActivateExtension Tyriar.vscode-terminal-here {"startup":false,"activationEvent":"onCommand:terminalHere.create"}
[2018-03-08 21:08:10.796] [exthost1] [info] ExtensionService#loadCommonJSModule /Users/carlca/.vscode-insiders/extensions/Tyriar.vscode-terminal-here-0.1.1/out/src/extension
[2018-03-08 21:08:12.350] [exthost1] [info] eager extensions activated
