[2018-03-08 17:13:18.040] [exthost1] [info] extension host started
[2018-03-08 17:13:18.096] [exthost1] [info] ExtensionService#_doActivateExtension vscode.emmet {"startup":true,"activationEvent":"*"}
[2018-03-08 17:13:18.096] [exthost1] [info] ExtensionService#loadCommonJSModule /Applications/Visual Studio Code - Insiders.app/Contents/Resources/app/extensions/emmet/out/extension
[2018-03-08 17:13:21.744] [exthost1] [info] ExtensionService#_doActivateExtension vscode.git {"startup":true,"activationEvent":"*"}
[2018-03-08 17:13:21.744] [exthost1] [info] ExtensionService#loadCommonJSModule /Applications/Visual Studio Code - Insiders.app/Contents/Resources/app/extensions/git/out/main
[2018-03-08 17:13:29.689] [exthost1] [info] ExtensionService#_doActivateExtension vscode.merge-conflict {"startup":true,"activationEvent":"*"}
[2018-03-08 17:13:29.689] [exthost1] [info] ExtensionService#loadCommonJSModule /Applications/Visual Studio Code - Insiders.app/Contents/Resources/app/extensions/merge-conflict/out/extension
[2018-03-08 17:13:30.833] [exthost1] [info] ExtensionService#_doActivateExtension alefragnani.Bookmarks {"startup":true,"activationEvent":"*"}
[2018-03-08 17:13:30.833] [exthost1] [info] ExtensionService#loadCommonJSModule /Users/carlca/.vscode-insiders/extensions/alefragnani.bookmarks-0.18.2/out/src/extension
[2018-03-08 17:13:31.054] [exthost1] [info] ExtensionService#_doActivateExtension alefragnani.numbered-bookmarks {"startup":true,"activationEvent":"*"}
[2018-03-08 17:13:31.054] [exthost1] [info] ExtensionService#loadCommonJSModule /Users/carlca/.vscode-insiders/extensions/alefragnani.numbered-bookmarks-0.11.1/out/src/extension
[2018-03-08 17:13:31.245] [exthost1] [info] ExtensionService#_doActivateExtension be5invis.vscode-custom-css {"startup":true,"activationEvent":"*"}
[2018-03-08 17:13:31.245] [exthost1] [info] ExtensionService#loadCommonJSModule /Users/carlca/.vscode-insiders/extensions/be5invis.vscode-custom-css-2.7.0/src/extension
[2018-03-08 17:13:31.573] [exthost1] [info] ExtensionService#_doActivateExtension christian-kohler.path-intellisense {"startup":true,"activationEvent":"*"}
[2018-03-08 17:13:31.573] [exthost1] [info] ExtensionService#loadCommonJSModule /Users/carlca/.vscode-insiders/extensions/christian-kohler.path-intellisense-1.4.2/out/src/extension
[2018-03-08 17:13:33.837] [exthost1] [info] ExtensionService#_doActivateExtension danields761.status-bar-breadcrumb {"startup":true,"activationEvent":"*"}
[2018-03-08 17:13:33.837] [exthost1] [info] ExtensionService#loadCommonJSModule /Users/carlca/.vscode-insiders/extensions/danields761.status-bar-breadcrumb-0.2.0/out/extension
[2018-03-08 17:13:34.702] [exthost1] [info] ExtensionService#_doActivateExtension dariofuzinato.vue-peek {"startup":true,"activationEvent":"*"}
[2018-03-08 17:13:34.702] [exthost1] [info] ExtensionService#loadCommonJSModule /Users/carlca/.vscode-insiders/extensions/dariofuzinato.vue-peek-1.0.2/out/src/extension
[2018-03-08 17:13:34.867] [exthost1] [info] ExtensionService#_doActivateExtension esbenp.prettier-vscode {"startup":true,"activationEvent":"*"}
[2018-03-08 17:13:34.867] [exthost1] [info] ExtensionService#loadCommonJSModule /Users/carlca/.vscode-insiders/extensions/esbenp.prettier-vscode-1.2.2/out/src/extension
[2018-03-08 17:13:39.322] [exthost1] [info] ExtensionService#_doActivateExtension formulahendry.auto-close-tag {"startup":true,"activationEvent":"*"}
[2018-03-08 17:13:39.322] [exthost1] [info] ExtensionService#loadCommonJSModule /Users/carlca/.vscode-insiders/extensions/formulahendry.auto-close-tag-0.5.6/out/src/extension
[2018-03-08 17:13:39.350] [exthost1] [info] ExtensionService#_doActivateExtension formulahendry.auto-rename-tag {"startup":true,"activationEvent":"*"}
[2018-03-08 17:13:39.350] [exthost1] [info] ExtensionService#loadCommonJSModule /Users/carlca/.vscode-insiders/extensions/formulahendry.auto-rename-tag-0.0.15/out/src/extension
[2018-03-08 17:13:39.381] [exthost1] [info] ExtensionService#_doActivateExtension golf1052.base16-generator {"startup":true,"activationEvent":"*"}
[2018-03-08 17:13:39.381] [exthost1] [info] ExtensionService#loadCommonJSModule /Users/carlca/.vscode-insiders/extensions/golf1052.base16-generator-1.4.0/out/src/extension
[2018-03-08 17:13:39.560] [exthost1] [info] ExtensionService#_doActivateExtension Kiteco.kite {"startup":true,"activationEvent":"*"}
[2018-03-08 17:13:39.560] [exthost1] [info] ExtensionService#loadCommonJSModule /Users/carlca/.vscode-insiders/extensions/kite.vscode/src/kite
[2018-03-08 17:13:44.347] [exthost1] [info] ExtensionService#_doActivateExtension robertohuertasm.vscode-icons {"startup":true,"activationEvent":"*"}
[2018-03-08 17:13:44.347] [exthost1] [info] ExtensionService#loadCommonJSModule /Users/carlca/.vscode-insiders/extensions/robertohuertasm.vscode-icons-7.20.0/out/src/
[2018-03-08 17:13:47.007] [exthost1] [info] ExtensionService#_doActivateExtension RomanPeshkov.go-test-outline {"startup":false,"activationEvent":"onLanguage:go"}
[2018-03-08 17:13:47.007] [exthost1] [info] ExtensionService#loadCommonJSModule /Users/carlca/.vscode-insiders/extensions/RomanPeshkov.go-test-outline-0.1.4/out/src/extension
[2018-03-08 17:13:48.107] [exthost1] [info] ExtensionService#_doActivateExtension lukehoban.Go {"startup":false,"activationEvent":"onLanguage:go"}
[2018-03-08 17:13:48.107] [exthost1] [info] ExtensionService#loadCommonJSModule /Users/carlca/.vscode-insiders/extensions/lukehoban.go-0.6.77/out/src/goMain
[2018-03-08 17:13:57.564] [exthost1] [info] ExtensionService#_doActivateExtension vscode.configuration-editing {"startup":false,"activationEvent":"onLanguage:jsonc"}
[2018-03-08 17:13:57.564] [exthost1] [info] ExtensionService#loadCommonJSModule /Applications/Visual Studio Code - Insiders.app/Contents/Resources/app/extensions/configuration-editing/out/extension
[2018-03-08 17:13:57.924] [exthost1] [info] ExtensionService#_doActivateExtension vscode.json {"startup":false,"activationEvent":"onLanguage:jsonc"}
[2018-03-08 17:13:57.924] [exthost1] [info] ExtensionService#loadCommonJSModule /Applications/Visual Studio Code - Insiders.app/Contents/Resources/app/extensions/json/client/out/jsonMain
[2018-03-08 17:13:59.994] [exthost1] [info] eager extensions activated
[2018-03-08 17:13:59.996] [exthost1] [info] ExtensionService#_doActivateExtension Tyriar.vscode-terminal-here {"startup":false,"activationEvent":"onCommand:terminalHere.create"}
[2018-03-08 17:13:59.996] [exthost1] [info] ExtensionService#loadCommonJSModule /Users/carlca/.vscode-insiders/extensions/Tyriar.vscode-terminal-here-0.1.1/out/src/extension
