[2018-03-07 22:20:17.695] [sharedprocess] [info] main {"machineId":"36ec910d688acd007eb110425c1ec45c8aae321d3479aff6e48c95ef59ba9530"}
[2018-03-07 22:20:18.578] [sharedprocess] [info] Scanned user extensions: 45
[2018-03-07 22:20:18.592] [sharedprocess] [info] Scanned system extensions: 65
[2018-03-07 22:20:27.616] [sharedprocess] [info] Scanned user extensions: 45
[2018-03-07 22:20:27.619] [sharedprocess] [info] Scanned user extensions: 45
[2018-03-07 22:20:27.681] [sharedprocess] [info] Scanned system extensions: 65
[2018-03-07 22:20:30.363] [sharedprocess] [info] Installing extension: sort-lines
[2018-03-07 22:20:30.366] [sharedprocess] [info] Installing extension: winteriscoming
[2018-03-07 22:20:31.155] [sharedprocess] [info] Scanned user extensions: 45
[2018-03-07 22:20:35.202] [sharedprocess] [info] Downloaded extension: sort-lines
[2018-03-07 22:20:35.523] [sharedprocess] [info] Extracted extension to /Users/carlca/.vscode-insiders/extensions/Tyriar.sort-lines-1.5.0: Tyriar.sort-lines-1.5.0
[2018-03-07 22:20:35.590] [sharedprocess] [info] Downloaded extension: winteriscoming
[2018-03-07 22:20:35.701] [sharedprocess] [info] Extracted extension to /Users/carlca/.vscode-insiders/extensions/johnpapa.winteriscoming-0.5.1: johnpapa.winteriscoming-0.5.1
[2018-03-07 22:20:35.917] [sharedprocess] [info] Updated metadata of the extension: Tyriar.sort-lines-1.5.0
[2018-03-07 22:20:35.917] [sharedprocess] [info] Extensions installed successfully: Tyriar.sort-lines
[2018-03-07 22:20:36.121] [sharedprocess] [info] Scanned system extensions: 65
[2018-03-07 22:20:36.258] [sharedprocess] [info] Updated metadata of the extension: johnpapa.winteriscoming-0.5.1
[2018-03-07 22:20:36.258] [sharedprocess] [info] Extensions installed successfully: johnpapa.winteriscoming
[2018-03-07 22:20:36.265] [sharedprocess] [info] Scanned user extensions: 45
[2018-03-07 22:20:36.463] [sharedprocess] [info] Scanned user extensions: 45
[2018-03-07 22:20:36.475] [sharedprocess] [info] Scanned system extensions: 65
[2018-03-07 22:20:57.712] [sharedprocess] [info] Starting to clean up unused language packs.
[2018-03-07 22:25:31.496] [sharedprocess] [info] Scanned user extensions: 45
[2018-03-07 22:27:05.932] [sharedprocess] [info] Scanned user extensions: 45
[2018-03-07 22:27:05.939] [sharedprocess] [info] Scanned user extensions: 45
[2018-03-07 22:27:05.954] [sharedprocess] [info] Scanned user extensions: 45
[2018-03-07 22:27:06.036] [sharedprocess] [info] Scanned system extensions: 65
[2018-03-07 22:27:06.051] [sharedprocess] [info] Scanned system extensions: 65
[2018-03-07 22:27:28.138] [sharedprocess] [info] Scanned user extensions: 45
[2018-03-07 22:27:28.139] [sharedprocess] [info] Uninstalling extension: Tyriar.vscode-terminal-here-0.1.1
[2018-03-07 22:27:28.139] [sharedprocess] [info] Requesting for confirmation to uninstall extension Tyriar.vscode-terminal-here-0.1.1
[2018-03-07 22:27:28.139] [sharedprocess] [info] Routing choice request to the client window:1
[2018-03-07 22:27:30.875] [sharedprocess] [info] Successfully uninstalled extension: Tyriar.vscode-terminal-here-0.1.1
[2018-03-07 22:27:31.752] [sharedprocess] [info] Scanned user extensions: 44
[2018-03-07 22:27:31.760] [sharedprocess] [info] Scanned system extensions: 65
[2018-03-07 22:27:35.696] [sharedprocess] [info] Installing extension: vscode-terminal-here
[2018-03-07 22:27:36.240] [sharedprocess] [info] Downloaded extension: vscode-terminal-here
[2018-03-07 22:27:36.269] [sharedprocess] [info] Removed the extension from uninstalled list: Tyriar.vscode-terminal-here-0.1.1
[2018-03-07 22:27:36.311] [sharedprocess] [info] Scanned user extensions: 45
[2018-03-07 22:27:36.312] [sharedprocess] [info] Extensions installed successfully: Tyriar.vscode-terminal-here
[2018-03-07 22:27:36.524] [sharedprocess] [info] Scanned user extensions: 45
[2018-03-07 22:27:36.536] [sharedprocess] [info] Scanned system extensions: 65
[2018-03-07 22:30:31.559] [sharedprocess] [info] Scanned user extensions: 45
[2018-03-07 22:35:31.626] [sharedprocess] [info] Scanned user extensions: 45
[2018-03-07 22:40:31.707] [sharedprocess] [info] Scanned user extensions: 45
[2018-03-07 22:45:31.770] [sharedprocess] [info] Scanned user extensions: 45
[2018-03-07 22:50:31.830] [sharedprocess] [info] Scanned user extensions: 45
[2018-03-07 22:55:31.888] [sharedprocess] [info] Scanned user extensions: 45
[2018-03-07 23:00:31.981] [sharedprocess] [info] Scanned user extensions: 45
[2018-03-07 23:05:32.047] [sharedprocess] [info] Scanned user extensions: 45
[2018-03-07 23:10:32.109] [sharedprocess] [info] Scanned user extensions: 45
[2018-03-07 23:15:32.175] [sharedprocess] [info] Scanned user extensions: 45
[2018-03-07 23:20:32.343] [sharedprocess] [info] Scanned user extensions: 45
[2018-03-07 23:25:32.413] [sharedprocess] [info] Scanned user extensions: 45
[2018-03-07 23:30:32.478] [sharedprocess] [info] Scanned user extensions: 45
[2018-03-07 23:35:32.545] [sharedprocess] [info] Scanned user extensions: 45
[2018-03-07 23:40:32.616] [sharedprocess] [info] Scanned user extensions: 45
[2018-03-07 23:45:32.694] [sharedprocess] [info] Scanned user extensions: 45
[2018-03-07 23:50:32.769] [sharedprocess] [info] Scanned user extensions: 45
[2018-03-07 23:55:32.834] [sharedprocess] [info] Scanned user extensions: 45
[2018-03-08 00:00:32.899] [sharedprocess] [info] Scanned user extensions: 45
[2018-03-08 00:05:32.962] [sharedprocess] [info] Scanned user extensions: 45
[2018-03-08 00:10:33.028] [sharedprocess] [info] Scanned user extensions: 45
[2018-03-08 00:15:33.088] [sharedprocess] [info] Scanned user extensions: 45
[2018-03-08 00:20:33.259] [sharedprocess] [info] Scanned user extensions: 45
[2018-03-08 00:25:33.319] [sharedprocess] [info] Scanned user extensions: 45
[2018-03-08 00:30:33.389] [sharedprocess] [info] Scanned user extensions: 45
[2018-03-08 00:35:33.456] [sharedprocess] [info] Scanned user extensions: 45
[2018-03-08 00:40:33.518] [sharedprocess] [info] Scanned user extensions: 45
[2018-03-08 00:45:33.584] [sharedprocess] [info] Scanned user extensions: 45
[2018-03-08 00:50:33.640] [sharedprocess] [info] Scanned user extensions: 45
[2018-03-08 00:55:33.703] [sharedprocess] [info] Scanned user extensions: 45
[2018-03-08 01:00:33.773] [sharedprocess] [info] Scanned user extensions: 45
[2018-03-08 01:05:33.834] [sharedprocess] [info] Scanned user extensions: 45
[2018-03-08 01:10:33.900] [sharedprocess] [info] Scanned user extensions: 45
[2018-03-08 01:15:33.958] [sharedprocess] [info] Scanned user extensions: 45
[2018-03-08 01:20:34.111] [sharedprocess] [info] Scanned user extensions: 45
[2018-03-08 01:25:34.169] [sharedprocess] [info] Scanned user extensions: 45
[2018-03-08 01:30:34.229] [sharedprocess] [info] Scanned user extensions: 45
[2018-03-08 01:35:34.292] [sharedprocess] [info] Scanned user extensions: 45
[2018-03-08 01:40:34.377] [sharedprocess] [info] Scanned user extensions: 45
[2018-03-08 01:45:34.442] [sharedprocess] [info] Scanned user extensions: 45
[2018-03-08 01:50:34.514] [sharedprocess] [info] Scanned user extensions: 45
[2018-03-08 01:55:34.579] [sharedprocess] [info] Scanned user extensions: 45
[2018-03-08 02:00:34.651] [sharedprocess] [info] Scanned user extensions: 45
[2018-03-08 02:05:34.712] [sharedprocess] [info] Scanned user extensions: 45
[2018-03-08 02:10:34.769] [sharedprocess] [info] Scanned user extensions: 45
[2018-03-08 02:15:34.827] [sharedprocess] [info] Scanned user extensions: 45
[2018-03-08 02:20:34.977] [sharedprocess] [info] Scanned user extensions: 45
[2018-03-08 02:25:35.037] [sharedprocess] [info] Scanned user extensions: 45
[2018-03-08 02:30:35.098] [sharedprocess] [info] Scanned user extensions: 45
[2018-03-08 02:35:35.163] [sharedprocess] [info] Scanned user extensions: 45
[2018-03-08 02:40:35.219] [sharedprocess] [info] Scanned user extensions: 45
[2018-03-08 02:45:35.278] [sharedprocess] [info] Scanned user extensions: 45
[2018-03-08 02:50:35.418] [sharedprocess] [info] Scanned user extensions: 45
[2018-03-08 02:55:35.485] [sharedprocess] [info] Scanned user extensions: 45
[2018-03-08 03:00:35.576] [sharedprocess] [info] Scanned user extensions: 45
[2018-03-08 03:05:35.644] [sharedprocess] [info] Scanned user extensions: 45
[2018-03-08 03:10:35.714] [sharedprocess] [info] Scanned user extensions: 45
[2018-03-08 03:15:35.781] [sharedprocess] [info] Scanned user extensions: 45
[2018-03-08 03:20:35.922] [sharedprocess] [info] Scanned user extensions: 45
[2018-03-08 03:25:35.981] [sharedprocess] [info] Scanned user extensions: 45
[2018-03-08 03:30:36.039] [sharedprocess] [info] Scanned user extensions: 45
[2018-03-08 03:35:36.103] [sharedprocess] [info] Scanned user extensions: 45
[2018-03-08 03:40:36.171] [sharedprocess] [info] Scanned user extensions: 45
[2018-03-08 03:45:36.231] [sharedprocess] [info] Scanned user extensions: 45
[2018-03-08 03:50:36.296] [sharedprocess] [info] Scanned user extensions: 45
[2018-03-08 03:55:36.361] [sharedprocess] [info] Scanned user extensions: 45
[2018-03-08 04:00:36.423] [sharedprocess] [info] Scanned user extensions: 45
[2018-03-08 04:05:36.487] [sharedprocess] [info] Scanned user extensions: 45
[2018-03-08 04:10:36.543] [sharedprocess] [info] Scanned user extensions: 45
[2018-03-08 04:15:36.604] [sharedprocess] [info] Scanned user extensions: 45
[2018-03-08 04:20:36.774] [sharedprocess] [info] Scanned user extensions: 45
[2018-03-08 04:25:36.838] [sharedprocess] [info] Scanned user extensions: 45
[2018-03-08 04:30:36.905] [sharedprocess] [info] Scanned user extensions: 45
[2018-03-08 04:35:36.973] [sharedprocess] [info] Scanned user extensions: 45
[2018-03-08 04:40:37.032] [sharedprocess] [info] Scanned user extensions: 45
[2018-03-08 04:45:37.088] [sharedprocess] [info] Scanned user extensions: 45
[2018-03-08 04:50:37.151] [sharedprocess] [info] Scanned user extensions: 45
[2018-03-08 04:55:37.212] [sharedprocess] [info] Scanned user extensions: 45
[2018-03-08 05:00:37.280] [sharedprocess] [info] Scanned user extensions: 45
[2018-03-08 05:05:37.345] [sharedprocess] [info] Scanned user extensions: 45
[2018-03-08 05:10:37.407] [sharedprocess] [info] Scanned user extensions: 45
[2018-03-08 05:15:37.477] [sharedprocess] [info] Scanned user extensions: 45
[2018-03-08 05:20:37.629] [sharedprocess] [info] Scanned user extensions: 45
[2018-03-08 05:25:37.693] [sharedprocess] [info] Scanned user extensions: 45
[2018-03-08 05:30:37.758] [sharedprocess] [info] Scanned user extensions: 45
[2018-03-08 05:35:37.822] [sharedprocess] [info] Scanned user extensions: 45
[2018-03-08 05:40:37.907] [sharedprocess] [info] Scanned user extensions: 45
[2018-03-08 05:45:37.969] [sharedprocess] [info] Scanned user extensions: 45
[2018-03-08 05:50:38.035] [sharedprocess] [info] Scanned user extensions: 45
[2018-03-08 05:55:38.098] [sharedprocess] [info] Scanned user extensions: 45
[2018-03-08 06:00:38.161] [sharedprocess] [info] Scanned user extensions: 45
[2018-03-08 06:05:38.224] [sharedprocess] [info] Scanned user extensions: 45
[2018-03-08 06:10:38.360] [sharedprocess] [info] Scanned user extensions: 45
[2018-03-08 06:15:38.422] [sharedprocess] [info] Scanned user extensions: 45
[2018-03-08 06:20:38.576] [sharedprocess] [info] Scanned user extensions: 45
[2018-03-08 06:25:38.641] [sharedprocess] [info] Scanned user extensions: 45
[2018-03-08 06:30:38.701] [sharedprocess] [info] Scanned user extensions: 45
[2018-03-08 06:35:38.763] [sharedprocess] [info] Scanned user extensions: 45
[2018-03-08 06:40:38.825] [sharedprocess] [info] Scanned user extensions: 45
[2018-03-08 06:45:38.887] [sharedprocess] [info] Scanned user extensions: 45
[2018-03-08 06:50:38.946] [sharedprocess] [info] Scanned user extensions: 45
[2018-03-08 06:55:39.009] [sharedprocess] [info] Scanned user extensions: 45
[2018-03-08 07:00:39.098] [sharedprocess] [info] Scanned user extensions: 45
[2018-03-08 07:05:39.166] [sharedprocess] [info] Scanned user extensions: 45
[2018-03-08 07:10:39.234] [sharedprocess] [info] Scanned user extensions: 45
[2018-03-08 07:15:39.296] [sharedprocess] [info] Scanned user extensions: 45
[2018-03-08 07:20:39.436] [sharedprocess] [info] Scanned user extensions: 45
[2018-03-08 07:25:39.498] [sharedprocess] [info] Scanned user extensions: 45
[2018-03-08 07:30:39.560] [sharedprocess] [info] Scanned user extensions: 45
[2018-03-08 07:35:39.622] [sharedprocess] [info] Scanned user extensions: 45
[2018-03-08 07:40:39.692] [sharedprocess] [info] Scanned user extensions: 45
[2018-03-08 07:45:39.758] [sharedprocess] [info] Scanned user extensions: 45
[2018-03-08 07:50:39.818] [sharedprocess] [info] Scanned user extensions: 45
[2018-03-08 07:55:39.879] [sharedprocess] [info] Scanned user extensions: 45
[2018-03-08 08:00:39.940] [sharedprocess] [info] Scanned user extensions: 45
[2018-03-08 08:05:40.002] [sharedprocess] [info] Scanned user extensions: 45
[2018-03-08 08:10:40.072] [sharedprocess] [info] Scanned user extensions: 45
[2018-03-08 08:15:40.136] [sharedprocess] [info] Scanned user extensions: 45
[2018-03-08 08:20:40.307] [sharedprocess] [info] Scanned user extensions: 45
[2018-03-08 08:25:40.364] [sharedprocess] [info] Scanned user extensions: 45
[2018-03-08 08:30:40.430] [sharedprocess] [info] Scanned user extensions: 45
[2018-03-08 08:35:40.496] [sharedprocess] [info] Scanned user extensions: 45
[2018-03-08 08:40:40.560] [sharedprocess] [info] Scanned user extensions: 45
[2018-03-08 08:45:40.619] [sharedprocess] [info] Scanned user extensions: 45
[2018-03-08 08:50:40.681] [sharedprocess] [info] Scanned user extensions: 45
[2018-03-08 08:55:40.747] [sharedprocess] [info] Scanned user extensions: 45
[2018-03-08 09:00:40.824] [sharedprocess] [info] Scanned user extensions: 45
[2018-03-08 09:05:40.886] [sharedprocess] [info] Scanned user extensions: 45
[2018-03-08 09:10:40.944] [sharedprocess] [info] Scanned user extensions: 45
[2018-03-08 09:15:41.009] [sharedprocess] [info] Scanned user extensions: 45
[2018-03-08 09:20:41.157] [sharedprocess] [info] Scanned user extensions: 45
[2018-03-08 09:25:41.219] [sharedprocess] [info] Scanned user extensions: 45
[2018-03-08 09:30:41.286] [sharedprocess] [info] Scanned user extensions: 45
[2018-03-08 09:35:41.350] [sharedprocess] [info] Scanned user extensions: 45
[2018-03-08 09:40:41.440] [sharedprocess] [info] Scanned user extensions: 45
[2018-03-08 09:45:41.514] [sharedprocess] [info] Scanned user extensions: 45
[2018-03-08 09:50:41.580] [sharedprocess] [info] Scanned user extensions: 45
[2018-03-08 09:55:41.647] [sharedprocess] [info] Scanned user extensions: 45
[2018-03-08 10:00:41.715] [sharedprocess] [info] Scanned user extensions: 45
[2018-03-08 10:05:41.784] [sharedprocess] [info] Scanned user extensions: 45
[2018-03-08 10:10:41.847] [sharedprocess] [info] Scanned user extensions: 45
[2018-03-08 10:15:41.913] [sharedprocess] [info] Scanned user extensions: 45
[2018-03-08 10:20:33.243] [sharedprocess] [info] Installing extension: Bookmarks
[2018-03-08 10:20:33.246] [sharedprocess] [info] Installing extension: numbered-bookmarks
[2018-03-08 10:20:33.247] [sharedprocess] [info] Installing extension: markdown-all-in-one
[2018-03-08 10:20:33.539] [sharedprocess] [info] Scanned user extensions: 45
[2018-03-08 10:20:33.638] [sharedprocess] [info] Scanned system extensions: 65
[2018-03-08 10:20:35.130] [sharedprocess] [info] Downloaded extension: numbered-bookmarks
[2018-03-08 10:20:35.247] [sharedprocess] [info] Downloaded extension: Bookmarks
[2018-03-08 10:20:35.262] [sharedprocess] [info] Extracted extension to /Users/carlca/.vscode-insiders/extensions/alefragnani.numbered-bookmarks-0.11.1: alefragnani.numbered-bookmarks-0.11.1
[2018-03-08 10:20:35.353] [sharedprocess] [info] Extracted extension to /Users/carlca/.vscode-insiders/extensions/alefragnani.bookmarks-0.18.2: alefragnani.bookmarks-0.18.2
[2018-03-08 10:20:35.356] [sharedprocess] [info] Updated metadata of the extension: alefragnani.numbered-bookmarks-0.11.1
[2018-03-08 10:20:35.357] [sharedprocess] [info] Extensions installed successfully: alefragnani.numbered-bookmarks
[2018-03-08 10:20:35.466] [sharedprocess] [info] Updated metadata of the extension: alefragnani.bookmarks-0.18.2
[2018-03-08 10:20:35.466] [sharedprocess] [info] Extensions installed successfully: alefragnani.bookmarks
[2018-03-08 10:20:35.724] [sharedprocess] [info] Scanned user extensions: 45
[2018-03-08 10:20:35.732] [sharedprocess] [info] Scanned user extensions: 45
[2018-03-08 10:20:35.744] [sharedprocess] [info] Scanned system extensions: 65
[2018-03-08 10:20:35.752] [sharedprocess] [info] Scanned system extensions: 65
[2018-03-08 10:20:35.897] [sharedprocess] [info] Downloaded extension: markdown-all-in-one
[2018-03-08 10:20:35.973] [sharedprocess] [info] Extracted extension to /Users/carlca/.vscode-insiders/extensions/yzhang.markdown-all-in-one-1.1.0: yzhang.markdown-all-in-one-1.1.0
[2018-03-08 10:20:36.076] [sharedprocess] [info] Updated metadata of the extension: yzhang.markdown-all-in-one-1.1.0
[2018-03-08 10:20:36.076] [sharedprocess] [info] Extensions installed successfully: yzhang.markdown-all-in-one
[2018-03-08 10:20:36.286] [sharedprocess] [info] Scanned user extensions: 45
[2018-03-08 10:20:36.298] [sharedprocess] [info] Scanned system extensions: 65
[2018-03-08 10:20:42.064] [sharedprocess] [info] Scanned user extensions: 45
[2018-03-08 10:25:42.120] [sharedprocess] [info] Scanned user extensions: 45
[2018-03-08 10:30:42.197] [sharedprocess] [info] Scanned user extensions: 45
[2018-03-08 10:35:42.569] [sharedprocess] [info] Scanned user extensions: 45
[2018-03-08 10:40:43.364] [sharedprocess] [info] Scanned user extensions: 45
[2018-03-08 10:45:43.760] [sharedprocess] [info] Scanned user extensions: 45
[2018-03-08 10:50:43.904] [sharedprocess] [info] Scanned user extensions: 45
[2018-03-08 10:55:44.318] [sharedprocess] [info] Scanned user extensions: 45
[2018-03-08 11:00:44.631] [sharedprocess] [info] Scanned user extensions: 45
[2018-03-08 11:05:45.012] [sharedprocess] [info] Scanned user extensions: 45
[2018-03-08 11:10:45.080] [sharedprocess] [info] Scanned user extensions: 45
