[2018-03-08 13:28:55.797] [exthost1] [info] extension host started
[2018-03-08 13:28:55.862] [exthost1] [info] ExtensionService#_doActivateExtension vscode.emmet {"startup":true,"activationEvent":"*"}
[2018-03-08 13:28:55.862] [exthost1] [info] ExtensionService#loadCommonJSModule /Applications/Visual Studio Code - Insiders.app/Contents/Resources/app/extensions/emmet/out/extension
[2018-03-08 13:28:56.024] [exthost1] [info] ExtensionService#_doActivateExtension vscode.git {"startup":true,"activationEvent":"*"}
[2018-03-08 13:28:56.024] [exthost1] [info] ExtensionService#loadCommonJSModule /Applications/Visual Studio Code - Insiders.app/Contents/Resources/app/extensions/git/out/main
[2018-03-08 13:28:56.728] [exthost1] [info] ExtensionService#_doActivateExtension vscode.merge-conflict {"startup":true,"activationEvent":"*"}
[2018-03-08 13:28:56.728] [exthost1] [info] ExtensionService#loadCommonJSModule /Applications/Visual Studio Code - Insiders.app/Contents/Resources/app/extensions/merge-conflict/out/extension
[2018-03-08 13:28:56.747] [exthost1] [info] ExtensionService#_doActivateExtension alefragnani.Bookmarks {"startup":true,"activationEvent":"*"}
[2018-03-08 13:28:56.747] [exthost1] [info] ExtensionService#loadCommonJSModule /Users/carlca/.vscode-insiders/extensions/alefragnani.bookmarks-0.18.2/out/src/extension
[2018-03-08 13:28:56.768] [exthost1] [info] ExtensionService#_doActivateExtension alefragnani.numbered-bookmarks {"startup":true,"activationEvent":"*"}
[2018-03-08 13:28:56.768] [exthost1] [info] ExtensionService#loadCommonJSModule /Users/carlca/.vscode-insiders/extensions/alefragnani.numbered-bookmarks-0.11.1/out/src/extension
[2018-03-08 13:28:56.777] [exthost1] [info] ExtensionService#_doActivateExtension be5invis.vscode-custom-css {"startup":true,"activationEvent":"*"}
[2018-03-08 13:28:56.777] [exthost1] [info] ExtensionService#loadCommonJSModule /Users/carlca/.vscode-insiders/extensions/be5invis.vscode-custom-css-2.7.0/src/extension
[2018-03-08 13:28:56.784] [exthost1] [info] ExtensionService#_doActivateExtension christian-kohler.path-intellisense {"startup":true,"activationEvent":"*"}
[2018-03-08 13:28:56.784] [exthost1] [info] ExtensionService#loadCommonJSModule /Users/carlca/.vscode-insiders/extensions/christian-kohler.path-intellisense-1.4.2/out/src/extension
[2018-03-08 13:28:56.887] [exthost1] [info] ExtensionService#_doActivateExtension danields761.status-bar-breadcrumb {"startup":true,"activationEvent":"*"}
[2018-03-08 13:28:56.887] [exthost1] [info] ExtensionService#loadCommonJSModule /Users/carlca/.vscode-insiders/extensions/danields761.status-bar-breadcrumb-0.2.0/out/extension
[2018-03-08 13:28:56.902] [exthost1] [info] ExtensionService#_doActivateExtension dariofuzinato.vue-peek {"startup":true,"activationEvent":"*"}
[2018-03-08 13:28:56.902] [exthost1] [info] ExtensionService#loadCommonJSModule /Users/carlca/.vscode-insiders/extensions/dariofuzinato.vue-peek-1.0.2/out/src/extension
[2018-03-08 13:28:56.904] [exthost1] [info] ExtensionService#_doActivateExtension esbenp.prettier-vscode {"startup":true,"activationEvent":"*"}
[2018-03-08 13:28:56.904] [exthost1] [info] ExtensionService#loadCommonJSModule /Users/carlca/.vscode-insiders/extensions/esbenp.prettier-vscode-1.2.2/out/src/extension
[2018-03-08 13:28:57.307] [exthost1] [info] ExtensionService#_doActivateExtension formulahendry.auto-close-tag {"startup":true,"activationEvent":"*"}
[2018-03-08 13:28:57.307] [exthost1] [info] ExtensionService#loadCommonJSModule /Users/carlca/.vscode-insiders/extensions/formulahendry.auto-close-tag-0.5.6/out/src/extension
[2018-03-08 13:28:57.309] [exthost1] [info] ExtensionService#_doActivateExtension formulahendry.auto-rename-tag {"startup":true,"activationEvent":"*"}
[2018-03-08 13:28:57.309] [exthost1] [info] ExtensionService#loadCommonJSModule /Users/carlca/.vscode-insiders/extensions/formulahendry.auto-rename-tag-0.0.15/out/src/extension
[2018-03-08 13:28:57.313] [exthost1] [info] ExtensionService#_doActivateExtension golf1052.base16-generator {"startup":true,"activationEvent":"*"}
[2018-03-08 13:28:57.313] [exthost1] [info] ExtensionService#loadCommonJSModule /Users/carlca/.vscode-insiders/extensions/golf1052.base16-generator-1.4.0/out/src/extension
[2018-03-08 13:28:57.315] [exthost1] [info] ExtensionService#_doActivateExtension Kiteco.kite {"startup":true,"activationEvent":"*"}
[2018-03-08 13:28:57.315] [exthost1] [info] ExtensionService#loadCommonJSModule /Users/carlca/.vscode-insiders/extensions/kite.vscode/src/kite
[2018-03-08 13:28:58.020] [exthost1] [info] ExtensionService#_doActivateExtension robertohuertasm.vscode-icons {"startup":true,"activationEvent":"*"}
[2018-03-08 13:28:58.020] [exthost1] [info] ExtensionService#loadCommonJSModule /Users/carlca/.vscode-insiders/extensions/robertohuertasm.vscode-icons-7.20.0/out/src/
[2018-03-08 13:28:58.778] [exthost1] [info] eager extensions activated
[2018-03-08 13:30:09.941] [exthost1] [info] ExtensionService#_doActivateExtension RomanPeshkov.go-test-outline {"startup":false,"activationEvent":"onLanguage:go"}
[2018-03-08 13:30:09.941] [exthost1] [info] ExtensionService#loadCommonJSModule /Users/carlca/.vscode-insiders/extensions/RomanPeshkov.go-test-outline-0.1.4/out/src/extension
[2018-03-08 13:30:09.993] [exthost1] [info] ExtensionService#_doActivateExtension lukehoban.Go {"startup":false,"activationEvent":"onLanguage:go"}
[2018-03-08 13:30:09.993] [exthost1] [info] ExtensionService#loadCommonJSModule /Users/carlca/.vscode-insiders/extensions/lukehoban.go-0.6.77/out/src/goMain
[2018-03-08 13:33:08.332] [exthost1] [info] ExtensionService#_doActivateExtension vscode.configuration-editing {"startup":false,"activationEvent":"onLanguage:jsonc"}
[2018-03-08 13:33:08.332] [exthost1] [info] ExtensionService#loadCommonJSModule /Applications/Visual Studio Code - Insiders.app/Contents/Resources/app/extensions/configuration-editing/out/extension
[2018-03-08 13:33:08.890] [exthost1] [info] ExtensionService#_doActivateExtension vscode.json {"startup":false,"activationEvent":"onLanguage:jsonc"}
[2018-03-08 13:33:08.890] [exthost1] [info] ExtensionService#loadCommonJSModule /Applications/Visual Studio Code - Insiders.app/Contents/Resources/app/extensions/json/client/out/jsonMain
[2018-03-08 13:37:10.216] [exthost1] [info] ExtensionService#_doActivateExtension Tyriar.vscode-terminal-here {"startup":false,"activationEvent":"onCommand:terminalHere.create"}
[2018-03-08 13:37:10.216] [exthost1] [info] ExtensionService#loadCommonJSModule /Users/carlca/.vscode-insiders/extensions/Tyriar.vscode-terminal-here-0.1.1/out/src/extension
