[2018-03-06 21:00:40.696] [sharedprocess] [info] main {"machineId":"36ec910d688acd007eb110425c1ec45c8aae321d3479aff6e48c95ef59ba9530"}
[2018-03-06 21:00:40.877] [sharedprocess] [info] Scanned system extensions: 65
[2018-03-06 21:00:41.362] [sharedprocess] [info] Scanned user extensions: 45
[2018-03-06 21:00:41.885] [sharedprocess] [info] Deleted from disk sdras.vue-vscode-extensionpack-0.1.2
[2018-03-06 21:00:41.886] [sharedprocess] [info] Deleted from disk sdras.vue-vscode-extensionpack-0.1.1
[2018-03-06 21:00:49.409] [sharedprocess] [info] Deleted from disk whizkydee.material-palenight-theme-1.7.1
[2018-03-06 21:01:01.553] [sharedprocess] [info] Deleted from disk CoenraadS.bracket-pair-colorizer-1.0.16
[2018-03-06 21:01:03.608] [sharedprocess] [info] Deleted from disk Shan.code-settings-sync-2.8.7
[2018-03-06 21:01:03.628] [sharedprocess] [info] Deleted from disk Shan.code-settings-sync-2.9.0
[2018-03-06 21:01:03.945] [sharedprocess] [info] Deleted from disk tombonnike.vscode-status-bar-format-toggle-1.3.0
[2018-03-06 21:01:04.590] [sharedprocess] [info] Scanned system extensions: 65
[2018-03-06 21:01:04.592] [sharedprocess] [info] Scanned system extensions: 65
[2018-03-06 21:01:04.592] [sharedprocess] [info] Scanned system extensions: 65
[2018-03-06 21:01:05.369] [sharedprocess] [info] Scanned user extensions: 45
[2018-03-06 21:01:07.608] [sharedprocess] [info] Scanned user extensions: 45
[2018-03-06 21:01:09.026] [sharedprocess] [info] Scanned user extensions: 45
[2018-03-06 21:01:10.840] [sharedprocess] [info] Scanned user extensions: 45
[2018-03-06 21:01:11.806] [sharedprocess] [info] Scanned user extensions: 45
[2018-03-06 21:01:15.463] [sharedprocess] [info] Deleted from disk johnpapa.winteriscoming-0.4.7
[2018-03-06 21:01:15.525] [sharedprocess] [info] Deleted from disk alexdima.copy-relative-path-0.0.1
[2018-03-06 21:01:18.588] [sharedprocess] [info] Scanned user extensions: 45
[2018-03-06 21:01:18.590] [sharedprocess] [info] Scanned user extensions: 45
[2018-03-06 21:01:18.710] [sharedprocess] [info] Scanned system extensions: 65
[2018-03-06 21:01:20.724] [sharedprocess] [info] Starting to clean up unused language packs.
[2018-03-06 21:01:21.967] [sharedprocess] [info] Scanned user extensions: 45
[2018-03-06 21:06:22.036] [sharedprocess] [info] Scanned user extensions: 45
[2018-03-06 21:11:22.106] [sharedprocess] [info] Scanned user extensions: 45
[2018-03-06 21:16:22.175] [sharedprocess] [info] Scanned user extensions: 45
[2018-03-06 21:21:22.241] [sharedprocess] [info] Scanned user extensions: 45
[2018-03-06 21:26:22.305] [sharedprocess] [info] Scanned user extensions: 45
[2018-03-06 21:31:22.368] [sharedprocess] [info] Scanned user extensions: 45
[2018-03-06 21:36:22.428] [sharedprocess] [info] Scanned user extensions: 45
[2018-03-06 21:41:22.596] [sharedprocess] [info] Scanned user extensions: 45
[2018-03-06 21:46:22.656] [sharedprocess] [info] Scanned user extensions: 45
[2018-03-06 21:51:22.731] [sharedprocess] [info] Scanned user extensions: 45
[2018-03-06 21:56:22.799] [sharedprocess] [info] Scanned user extensions: 45
[2018-03-06 22:01:22.857] [sharedprocess] [info] Scanned user extensions: 45
[2018-03-06 22:06:22.919] [sharedprocess] [info] Scanned user extensions: 45
[2018-03-06 22:11:22.977] [sharedprocess] [info] Scanned user extensions: 45
[2018-03-06 22:16:23.034] [sharedprocess] [info] Scanned user extensions: 45
[2018-03-06 22:21:23.102] [sharedprocess] [info] Scanned user extensions: 45
[2018-03-06 22:26:23.158] [sharedprocess] [info] Scanned user extensions: 45
[2018-03-06 22:31:23.217] [sharedprocess] [info] Scanned user extensions: 45
[2018-03-06 22:36:23.272] [sharedprocess] [info] Scanned user extensions: 45
[2018-03-06 22:41:23.407] [sharedprocess] [info] Scanned user extensions: 45
[2018-03-06 22:46:23.466] [sharedprocess] [info] Scanned user extensions: 45
[2018-03-06 22:51:23.532] [sharedprocess] [info] Scanned user extensions: 45
[2018-03-06 22:56:23.600] [sharedprocess] [info] Scanned user extensions: 45
[2018-03-06 23:01:23.688] [sharedprocess] [info] Scanned user extensions: 45
[2018-03-06 23:06:23.751] [sharedprocess] [info] Scanned user extensions: 45
[2018-03-06 23:11:23.815] [sharedprocess] [info] Scanned user extensions: 45
[2018-03-06 23:16:23.875] [sharedprocess] [info] Scanned user extensions: 45
[2018-03-06 23:21:23.934] [sharedprocess] [info] Scanned user extensions: 45
[2018-03-06 23:26:23.996] [sharedprocess] [info] Scanned user extensions: 45
[2018-03-06 23:31:24.052] [sharedprocess] [info] Scanned user extensions: 45
[2018-03-06 23:36:24.112] [sharedprocess] [info] Scanned user extensions: 45
[2018-03-06 23:41:24.272] [sharedprocess] [info] Scanned user extensions: 45
[2018-03-06 23:46:24.337] [sharedprocess] [info] Scanned user extensions: 45
[2018-03-06 23:51:24.395] [sharedprocess] [info] Scanned user extensions: 45
[2018-03-06 23:56:24.453] [sharedprocess] [info] Scanned user extensions: 45
[2018-03-07 00:01:24.511] [sharedprocess] [info] Scanned user extensions: 45
[2018-03-07 00:06:24.572] [sharedprocess] [info] Scanned user extensions: 45
[2018-03-07 00:11:24.630] [sharedprocess] [info] Scanned user extensions: 45
[2018-03-07 00:16:24.692] [sharedprocess] [info] Scanned user extensions: 45
[2018-03-07 00:21:24.758] [sharedprocess] [info] Scanned user extensions: 45
[2018-03-07 00:26:24.842] [sharedprocess] [info] Scanned user extensions: 45
[2018-03-07 00:31:24.901] [sharedprocess] [info] Scanned user extensions: 45
[2018-03-07 00:36:24.962] [sharedprocess] [info] Scanned user extensions: 45
[2018-03-07 00:41:25.101] [sharedprocess] [info] Scanned user extensions: 45
[2018-03-07 00:46:25.162] [sharedprocess] [info] Scanned user extensions: 45
[2018-03-07 00:51:25.220] [sharedprocess] [info] Scanned user extensions: 45
[2018-03-07 00:56:25.278] [sharedprocess] [info] Scanned user extensions: 45
[2018-03-07 01:01:25.339] [sharedprocess] [info] Scanned user extensions: 45
[2018-03-07 01:06:25.402] [sharedprocess] [info] Scanned user extensions: 45
[2018-03-07 01:11:25.567] [sharedprocess] [info] Scanned user extensions: 45
[2018-03-07 01:16:25.631] [sharedprocess] [info] Scanned user extensions: 45
[2018-03-07 01:21:25.690] [sharedprocess] [info] Scanned user extensions: 45
[2018-03-07 01:26:25.745] [sharedprocess] [info] Scanned user extensions: 45
[2018-03-07 01:31:25.805] [sharedprocess] [info] Scanned user extensions: 45
[2018-03-07 01:36:25.868] [sharedprocess] [info] Scanned user extensions: 45
[2018-03-07 01:41:26.012] [sharedprocess] [info] Scanned user extensions: 45
[2018-03-07 01:46:26.073] [sharedprocess] [info] Scanned user extensions: 45
[2018-03-07 01:51:26.151] [sharedprocess] [info] Scanned user extensions: 45
[2018-03-07 01:56:26.213] [sharedprocess] [info] Scanned user extensions: 45
[2018-03-07 02:01:26.276] [sharedprocess] [info] Scanned user extensions: 45
[2018-03-07 02:06:26.331] [sharedprocess] [info] Scanned user extensions: 45
[2018-03-07 02:11:26.390] [sharedprocess] [info] Scanned user extensions: 45
[2018-03-07 02:16:26.447] [sharedprocess] [info] Scanned user extensions: 45
[2018-03-07 02:21:26.505] [sharedprocess] [info] Scanned user extensions: 45
[2018-03-07 02:26:26.559] [sharedprocess] [info] Scanned user extensions: 45
[2018-03-07 02:31:26.623] [sharedprocess] [info] Scanned user extensions: 45
[2018-03-07 02:36:26.685] [sharedprocess] [info] Scanned user extensions: 45
[2018-03-07 02:41:26.826] [sharedprocess] [info] Scanned user extensions: 45
[2018-03-07 02:46:26.886] [sharedprocess] [info] Scanned user extensions: 45
[2018-03-07 02:51:26.946] [sharedprocess] [info] Scanned user extensions: 45
[2018-03-07 02:56:27.000] [sharedprocess] [info] Scanned user extensions: 45
[2018-03-07 03:01:27.058] [sharedprocess] [info] Scanned user extensions: 45
[2018-03-07 03:06:27.112] [sharedprocess] [info] Scanned user extensions: 45
[2018-03-07 03:11:27.171] [sharedprocess] [info] Scanned user extensions: 45
[2018-03-07 03:16:27.249] [sharedprocess] [info] Scanned user extensions: 45
[2018-03-07 03:21:27.313] [sharedprocess] [info] Scanned user extensions: 45
[2018-03-07 03:26:27.380] [sharedprocess] [info] Scanned user extensions: 45
[2018-03-07 03:31:27.454] [sharedprocess] [info] Scanned user extensions: 45
[2018-03-07 03:36:27.554] [sharedprocess] [info] Scanned user extensions: 45
[2018-03-07 03:41:27.701] [sharedprocess] [info] Scanned user extensions: 45
[2018-03-07 03:46:27.763] [sharedprocess] [info] Scanned user extensions: 45
[2018-03-07 03:51:27.825] [sharedprocess] [info] Scanned user extensions: 45
[2018-03-07 03:56:27.886] [sharedprocess] [info] Scanned user extensions: 45
[2018-03-07 04:01:27.944] [sharedprocess] [info] Scanned user extensions: 45
[2018-03-07 04:06:28.000] [sharedprocess] [info] Scanned user extensions: 45
[2018-03-07 04:11:28.063] [sharedprocess] [info] Scanned user extensions: 45
[2018-03-07 04:16:28.132] [sharedprocess] [info] Scanned user extensions: 45
[2018-03-07 04:21:28.198] [sharedprocess] [info] Scanned user extensions: 45
[2018-03-07 04:26:28.259] [sharedprocess] [info] Scanned user extensions: 45
[2018-03-07 04:31:28.321] [sharedprocess] [info] Scanned user extensions: 45
[2018-03-07 04:36:28.385] [sharedprocess] [info] Scanned user extensions: 45
[2018-03-07 04:41:28.613] [sharedprocess] [info] Scanned user extensions: 45
[2018-03-07 04:46:28.671] [sharedprocess] [info] Scanned user extensions: 45
[2018-03-07 04:51:28.738] [sharedprocess] [info] Scanned user extensions: 45
[2018-03-07 04:56:28.797] [sharedprocess] [info] Scanned user extensions: 45
[2018-03-07 05:01:28.857] [sharedprocess] [info] Scanned user extensions: 45
[2018-03-07 05:06:28.917] [sharedprocess] [info] Scanned user extensions: 45
[2018-03-07 05:11:28.980] [sharedprocess] [info] Scanned user extensions: 45
[2018-03-07 05:16:29.038] [sharedprocess] [info] Scanned user extensions: 45
[2018-03-07 05:21:29.103] [sharedprocess] [info] Scanned user extensions: 45
[2018-03-07 05:26:29.165] [sharedprocess] [info] Scanned user extensions: 45
[2018-03-07 05:31:29.229] [sharedprocess] [info] Scanned user extensions: 45
[2018-03-07 05:36:29.288] [sharedprocess] [info] Scanned user extensions: 45
[2018-03-07 05:41:29.435] [sharedprocess] [info] Scanned user extensions: 45
[2018-03-07 05:46:29.496] [sharedprocess] [info] Scanned user extensions: 45
[2018-03-07 05:51:29.552] [sharedprocess] [info] Scanned user extensions: 45
[2018-03-07 05:56:29.609] [sharedprocess] [info] Scanned user extensions: 45
[2018-03-07 06:01:29.672] [sharedprocess] [info] Scanned user extensions: 45
[2018-03-07 06:06:29.755] [sharedprocess] [info] Scanned user extensions: 45
[2018-03-07 06:11:29.817] [sharedprocess] [info] Scanned user extensions: 45
[2018-03-07 06:16:29.885] [sharedprocess] [info] Scanned user extensions: 45
[2018-03-07 06:21:29.946] [sharedprocess] [info] Scanned user extensions: 45
[2018-03-07 06:26:30.006] [sharedprocess] [info] Scanned user extensions: 45
[2018-03-07 06:31:30.066] [sharedprocess] [info] Scanned user extensions: 45
[2018-03-07 06:36:30.124] [sharedprocess] [info] Scanned user extensions: 45
[2018-03-07 06:41:30.284] [sharedprocess] [info] Scanned user extensions: 45
[2018-03-07 06:46:30.359] [sharedprocess] [info] Scanned user extensions: 45
[2018-03-07 06:51:30.419] [sharedprocess] [info] Scanned user extensions: 45
[2018-03-07 06:56:30.480] [sharedprocess] [info] Scanned user extensions: 45
[2018-03-07 07:01:30.538] [sharedprocess] [info] Scanned user extensions: 45
[2018-03-07 07:06:30.595] [sharedprocess] [info] Scanned user extensions: 45
[2018-03-07 07:11:30.655] [sharedprocess] [info] Scanned user extensions: 45
[2018-03-07 07:16:30.716] [sharedprocess] [info] Scanned user extensions: 45
[2018-03-07 07:21:30.774] [sharedprocess] [info] Scanned user extensions: 45
[2018-03-07 07:26:30.840] [sharedprocess] [info] Scanned user extensions: 45
[2018-03-07 07:31:31.056] [sharedprocess] [info] Scanned user extensions: 45
[2018-03-07 07:36:31.415] [sharedprocess] [info] Scanned user extensions: 45
[2018-03-07 07:41:31.710] [sharedprocess] [info] Scanned user extensions: 45
[2018-03-07 07:46:32.125] [sharedprocess] [info] Scanned user extensions: 45
[2018-03-07 07:51:32.247] [sharedprocess] [info] Scanned user extensions: 45
[2018-03-07 07:56:32.613] [sharedprocess] [info] Scanned user extensions: 45
[2018-03-07 08:01:32.990] [sharedprocess] [info] Scanned user extensions: 45
[2018-03-07 08:06:33.243] [sharedprocess] [info] Scanned user extensions: 45
[2018-03-07 08:11:33.309] [sharedprocess] [info] Scanned user extensions: 45
[2018-03-07 08:16:33.691] [sharedprocess] [info] Scanned user extensions: 45
[2018-03-07 08:21:34.016] [sharedprocess] [info] Scanned user extensions: 45
[2018-03-07 08:26:34.381] [sharedprocess] [info] Scanned user extensions: 45
[2018-03-07 08:31:34.445] [sharedprocess] [info] Scanned user extensions: 45
[2018-03-07 08:36:34.503] [sharedprocess] [info] Scanned user extensions: 45
[2018-03-07 08:41:34.559] [sharedprocess] [info] Scanned user extensions: 45
[2018-03-07 08:46:34.693] [sharedprocess] [info] Scanned user extensions: 45
[2018-03-07 08:51:34.753] [sharedprocess] [info] Scanned user extensions: 45
[2018-03-07 08:56:34.836] [sharedprocess] [info] Scanned user extensions: 45
[2018-03-07 09:01:34.909] [sharedprocess] [info] Scanned user extensions: 45
[2018-03-07 09:06:34.973] [sharedprocess] [info] Scanned user extensions: 45
[2018-03-07 09:11:35.037] [sharedprocess] [info] Scanned user extensions: 45
[2018-03-07 09:16:35.098] [sharedprocess] [info] Scanned user extensions: 45
[2018-03-07 09:21:35.157] [sharedprocess] [info] Scanned user extensions: 45
[2018-03-07 09:26:35.216] [sharedprocess] [info] Scanned user extensions: 45
[2018-03-07 09:31:35.280] [sharedprocess] [info] Scanned user extensions: 45
[2018-03-07 09:36:35.345] [sharedprocess] [info] Scanned user extensions: 45
[2018-03-07 09:41:35.406] [sharedprocess] [info] Scanned user extensions: 45
[2018-03-07 09:46:35.550] [sharedprocess] [info] Scanned user extensions: 45
[2018-03-07 09:51:35.615] [sharedprocess] [info] Scanned user extensions: 45
[2018-03-07 09:56:35.672] [sharedprocess] [info] Scanned user extensions: 45
[2018-03-07 10:01:35.736] [sharedprocess] [info] Scanned user extensions: 45
[2018-03-07 10:06:35.798] [sharedprocess] [info] Scanned user extensions: 45
[2018-03-07 10:11:35.857] [sharedprocess] [info] Scanned user extensions: 45
[2018-03-07 10:16:35.922] [sharedprocess] [info] Scanned user extensions: 45
[2018-03-07 10:21:36.007] [sharedprocess] [info] Scanned user extensions: 45
[2018-03-07 10:26:36.068] [sharedprocess] [info] Scanned user extensions: 45
[2018-03-07 10:31:36.131] [sharedprocess] [info] Scanned user extensions: 45
[2018-03-07 10:36:36.186] [sharedprocess] [info] Scanned user extensions: 45
[2018-03-07 10:41:36.245] [sharedprocess] [info] Scanned user extensions: 45
[2018-03-07 10:46:36.402] [sharedprocess] [info] Scanned user extensions: 45
[2018-03-07 10:51:36.462] [sharedprocess] [info] Scanned user extensions: 45
[2018-03-07 10:56:36.521] [sharedprocess] [info] Scanned user extensions: 45
[2018-03-07 11:01:36.583] [sharedprocess] [info] Scanned user extensions: 45
[2018-03-07 11:06:36.645] [sharedprocess] [info] Scanned user extensions: 45
[2018-03-07 11:11:36.705] [sharedprocess] [info] Scanned user extensions: 45
[2018-03-07 11:16:36.759] [sharedprocess] [info] Scanned user extensions: 45
[2018-03-07 11:21:36.818] [sharedprocess] [info] Scanned user extensions: 45
[2018-03-07 11:26:36.879] [sharedprocess] [info] Scanned user extensions: 45
[2018-03-07 11:31:36.936] [sharedprocess] [info] Scanned user extensions: 45
[2018-03-07 11:36:36.996] [sharedprocess] [info] Scanned user extensions: 45
[2018-03-07 11:41:37.052] [sharedprocess] [info] Scanned user extensions: 45
[2018-03-07 11:46:37.214] [sharedprocess] [info] Scanned user extensions: 45
[2018-03-07 11:51:37.276] [sharedprocess] [info] Scanned user extensions: 45
[2018-03-07 11:56:37.331] [sharedprocess] [info] Scanned user extensions: 45
[2018-03-07 12:01:37.388] [sharedprocess] [info] Scanned user extensions: 45
[2018-03-07 12:06:37.446] [sharedprocess] [info] Scanned user extensions: 45
[2018-03-07 12:11:37.514] [sharedprocess] [info] Scanned user extensions: 45
[2018-03-07 12:16:37.578] [sharedprocess] [info] Scanned user extensions: 45
[2018-03-07 12:21:37.645] [sharedprocess] [info] Scanned user extensions: 45
[2018-03-07 12:26:37.725] [sharedprocess] [info] Scanned user extensions: 45
[2018-03-07 12:31:37.806] [sharedprocess] [info] Scanned user extensions: 45
[2018-03-07 12:36:37.884] [sharedprocess] [info] Scanned user extensions: 45
[2018-03-07 12:41:37.953] [sharedprocess] [info] Scanned user extensions: 45
[2018-03-07 12:46:38.107] [sharedprocess] [info] Scanned user extensions: 45
[2018-03-07 12:51:38.172] [sharedprocess] [info] Scanned user extensions: 45
[2018-03-07 12:56:38.246] [sharedprocess] [info] Scanned user extensions: 45
[2018-03-07 13:01:38.307] [sharedprocess] [info] Scanned user extensions: 45
[2018-03-07 13:06:38.380] [sharedprocess] [info] Scanned user extensions: 45
[2018-03-07 13:11:38.481] [sharedprocess] [info] Scanned user extensions: 45
[2018-03-07 13:16:38.546] [sharedprocess] [info] Scanned user extensions: 45
[2018-03-07 13:21:38.608] [sharedprocess] [info] Scanned user extensions: 45
[2018-03-07 13:26:38.666] [sharedprocess] [info] Scanned user extensions: 45
[2018-03-07 13:31:38.722] [sharedprocess] [info] Scanned user extensions: 45
[2018-03-07 13:36:38.780] [sharedprocess] [info] Scanned user extensions: 45
[2018-03-07 13:41:38.838] [sharedprocess] [info] Scanned user extensions: 45
[2018-03-07 13:46:38.985] [sharedprocess] [info] Scanned user extensions: 45
[2018-03-07 13:51:39.042] [sharedprocess] [info] Scanned user extensions: 45
[2018-03-07 13:56:39.100] [sharedprocess] [info] Scanned user extensions: 45
[2018-03-07 14:01:39.163] [sharedprocess] [info] Scanned user extensions: 45
[2018-03-07 14:06:39.221] [sharedprocess] [info] Scanned user extensions: 45
[2018-03-07 14:11:39.277] [sharedprocess] [info] Scanned user extensions: 45
[2018-03-07 14:16:39.336] [sharedprocess] [info] Scanned user extensions: 45
[2018-03-07 14:21:39.392] [sharedprocess] [info] Scanned user extensions: 45
[2018-03-07 14:26:39.447] [sharedprocess] [info] Scanned user extensions: 45
[2018-03-07 14:31:39.506] [sharedprocess] [info] Scanned user extensions: 45
[2018-03-07 14:36:39.593] [sharedprocess] [info] Scanned user extensions: 45
[2018-03-07 14:41:39.652] [sharedprocess] [info] Scanned user extensions: 45
[2018-03-07 14:46:39.798] [sharedprocess] [info] Scanned user extensions: 45
[2018-03-07 14:51:39.857] [sharedprocess] [info] Scanned user extensions: 45
