[2018-03-08 11:12:27.974] [sharedprocess] [info] main {"machineId":"36ec910d688acd007eb110425c1ec45c8aae321d3479aff6e48c95ef59ba9530"}
[2018-03-08 11:12:29.092] [sharedprocess] [info] Scanned user extensions: 45
[2018-03-08 11:12:29.645] [sharedprocess] [info] Scanned system extensions: 65
[2018-03-08 11:12:29.934] [sharedprocess] [info] Deleted from disk Tyriar.sort-lines-1.4.1
[2018-03-08 11:12:29.943] [sharedprocess] [info] Deleted from disk johnpapa.winteriscoming-0.5.0
[2018-03-08 11:12:30.169] [sharedprocess] [info] Deleted from disk alefragnani.bookmarks-0.18.1
[2018-03-08 11:12:30.227] [sharedprocess] [info] Deleted from disk alefragnani.numbered-bookmarks-0.11.0
[2018-03-08 11:12:30.819] [sharedprocess] [info] Deleted from disk yzhang.markdown-all-in-one-1.0.5
[2018-03-08 11:12:32.220] [sharedprocess] [info] Scanned user extensions: 45
[2018-03-08 11:12:32.226] [sharedprocess] [info] Scanned user extensions: 45
[2018-03-08 11:12:32.294] [sharedprocess] [info] Scanned user extensions: 45
[2018-03-08 11:12:32.300] [sharedprocess] [info] Scanned user extensions: 45
[2018-03-08 11:12:32.305] [sharedprocess] [info] Scanned user extensions: 45
[2018-03-08 11:12:32.315] [sharedprocess] [info] Scanned user extensions: 45
[2018-03-08 11:12:32.530] [sharedprocess] [info] Scanned system extensions: 65
[2018-03-08 11:12:32.548] [sharedprocess] [info] Scanned system extensions: 65
[2018-03-08 11:12:32.558] [sharedprocess] [info] Scanned system extensions: 65
[2018-03-08 11:12:32.566] [sharedprocess] [info] Scanned system extensions: 65
[2018-03-08 11:12:33.794] [sharedprocess] [info] Scanned user extensions: 45
[2018-03-08 11:12:39.416] [sharedprocess] [info] Scanned user extensions: 45
[2018-03-08 11:13:07.997] [sharedprocess] [info] Starting to clean up unused language packs.
[2018-03-08 11:17:39.816] [sharedprocess] [info] Scanned user extensions: 45
[2018-03-08 11:22:40.224] [sharedprocess] [info] Scanned user extensions: 45
[2018-03-08 11:27:40.365] [sharedprocess] [info] Scanned user extensions: 45
[2018-03-08 11:32:40.424] [sharedprocess] [info] Scanned user extensions: 45
[2018-03-08 11:36:51.219] [sharedprocess] [info] Scanned user extensions: 45
[2018-03-08 11:36:51.232] [sharedprocess] [info] Scanned user extensions: 45
[2018-03-08 11:36:51.396] [sharedprocess] [info] Scanned system extensions: 65
[2018-03-08 11:36:51.410] [sharedprocess] [info] Scanned user extensions: 45
[2018-03-08 11:36:51.432] [sharedprocess] [info] Scanned system extensions: 65
[2018-03-08 11:36:54.207] [sharedprocess] [info] Scanned user extensions: 45
[2018-03-08 11:41:54.273] [sharedprocess] [info] Scanned user extensions: 45
[2018-03-08 11:46:54.334] [sharedprocess] [info] Scanned user extensions: 45
[2018-03-08 11:51:54.394] [sharedprocess] [info] Scanned user extensions: 45
[2018-03-08 11:56:54.453] [sharedprocess] [info] Scanned user extensions: 45
[2018-03-08 12:01:54.511] [sharedprocess] [info] Scanned user extensions: 45
[2018-03-08 12:06:54.570] [sharedprocess] [info] Scanned user extensions: 45
[2018-03-08 12:11:54.627] [sharedprocess] [info] Scanned user extensions: 45
[2018-03-08 12:16:54.688] [sharedprocess] [info] Scanned user extensions: 45
[2018-03-08 12:21:54.747] [sharedprocess] [info] Scanned user extensions: 45
[2018-03-08 12:26:54.893] [sharedprocess] [info] Scanned user extensions: 45
[2018-03-08 12:31:54.949] [sharedprocess] [info] Scanned user extensions: 45
[2018-03-08 12:36:55.009] [sharedprocess] [info] Scanned user extensions: 45
[2018-03-08 12:41:55.180] [sharedprocess] [info] Scanned user extensions: 45
[2018-03-08 12:46:55.242] [sharedprocess] [info] Scanned user extensions: 45
[2018-03-08 12:51:55.306] [sharedprocess] [info] Scanned user extensions: 45
[2018-03-08 12:56:55.363] [sharedprocess] [info] Scanned user extensions: 45
[2018-03-08 13:01:55.420] [sharedprocess] [info] Scanned user extensions: 45
[2018-03-08 13:06:55.474] [sharedprocess] [info] Scanned user extensions: 45
[2018-03-08 13:11:55.561] [sharedprocess] [info] Scanned user extensions: 45
[2018-03-08 13:16:55.623] [sharedprocess] [info] Scanned user extensions: 45
[2018-03-08 13:21:55.694] [sharedprocess] [info] Scanned user extensions: 45
[2018-03-08 13:26:55.833] [sharedprocess] [info] Scanned user extensions: 45
